<?xml version="1.0" encoding="UTF-8"?>
<!-- Generated by org.testng.reporters.JUnitReportReporter -->
<testsuite hostname="LAPTOP-POCHI3TQ" failures="0" tests="1" name="seleniumScript.CuraHealthCare_MakeAppointment" time="17.655" errors="0" timestamp="2024-02-09T17:26:30 IST" skipped="0">
  <testcase classname="seleniumScript.CuraHealthCare_MakeAppointment" name="makeAnAppointment" time="17.655"/>
  <system-out/>
</testsuite> <!-- seleniumScript.CuraHealthCare_MakeAppointment -->
