<?xml version="1.0" encoding="UTF-8"?>
<!-- Generated by org.testng.reporters.JUnitReportReporter -->
<testsuite hostname="LAPTOP-POCHI3TQ" failures="0" tests="1" name="seleniumScript.CuraHealthCare_MakeAppointment_TC003" time="39.424" errors="0" timestamp="2024-02-12T16:53:55 IST" skipped="0">
  <testcase classname="seleniumScript.CuraHealthCare_MakeAppointment_TC003" name="testLogout" time="39.424"/>
  <system-out/>
</testsuite> <!-- seleniumScript.CuraHealthCare_MakeAppointment_TC003 -->
