<?xml version="1.0" encoding="UTF-8"?>
<!-- Generated by org.testng.reporters.JUnitReportReporter -->
<testsuite hostname="LAPTOP-POCHI3TQ" failures="0" tests="1" name="seleniumScript.CuraHealthCare_MakeAppointment_TC002" time="35.586" errors="0" timestamp="2024-02-12T16:40:36 IST" skipped="0">
  <testcase classname="seleniumScript.CuraHealthCare_MakeAppointment_TC002" name="makeAnAppointmentWithoutEnteringDate" time="35.586"/>
  <system-out/>
</testsuite> <!-- seleniumScript.CuraHealthCare_MakeAppointment_TC002 -->
