<?xml version="1.0" encoding="UTF-8"?>
<!-- Generated by org.testng.reporters.JUnitReportReporter -->
<testsuite hostname="LAPTOP-POCHI3TQ" failures="0" tests="3" name="seleniumScript.AutoSuggestion" time="76.420" errors="0" timestamp="2024-02-16T21:58:31 IST" skipped="0">
  <testcase classname="seleniumScript.AutoSuggestion" name="testAutoSuggestion" time="30.888"/>
  <system-out/>
  <testcase classname="seleniumScript.AutoSuggestion" name="testAutoSuggestion" time="14.243"/>
  <system-out/>
  <testcase classname="seleniumScript.AutoSuggestion" name="testAutoSuggestion" time="31.289"/>
  <system-out/>
</testsuite> <!-- seleniumScript.AutoSuggestion -->
