<?xml version="1.0" encoding="UTF-8"?>
<!-- Generated by org.testng.reporters.JUnitReportReporter -->
<testsuite hostname="LAPTOP-POCHI3TQ" failures="0" tests="3" name="seleniumScript.TestNGDemo" time="0.015" errors="0" timestamp="2024-03-21T17:30:31 IST" skipped="0">
  <testcase classname="seleniumScript.TestNGDemo" name="TC1" time="0.005"/>
  <system-out/>
  <testcase classname="seleniumScript.TestNGDemo" name="TC3" time="0.004"/>
  <system-out/>
  <testcase classname="seleniumScript.TestNGDemo" name="TC2" time="0.006"/>
  <system-out/>
</testsuite> <!-- seleniumScript.TestNGDemo -->
