<?xml version="1.0" encoding="UTF-8"?>
<!-- Generated by org.testng.reporters.JUnitReportReporter -->
<testsuite hostname="LAPTOP-POCHI3TQ" failures="0" tests="1" name="seleniumScript.CuraHealthCare_MakeAppointment_TC001" time="43.679" errors="0" timestamp="2024-02-12T16:30:04 IST" skipped="0">
  <testcase classname="seleniumScript.CuraHealthCare_MakeAppointment_TC001" name="makeAnAppointmentWithBlankData" time="43.679"/>
  <system-out/>
</testsuite> <!-- seleniumScript.CuraHealthCare_MakeAppointment_TC001 -->
